2014-04-09 15:55:27,777 INFO [org.jasig.cas.util.AutowiringSchedulerFactoryBean] - Starting Quartz Scheduler now
2014-04-09 15:55:28,011 WARN [org.jasig.cas.web.flow.ServiceAuthorizationCheck] - Unauthorized Service Access for Service: [ null ] - service is not enabled in the service registry.
2014-04-09 15:55:28,011 WARN [org.jasig.cas.web.flow.ServiceAuthorizationCheck] - Unauthorized Service Access for Service: [ null ] - service is not enabled in the service registry.
2014-04-09 15:55:28,012 WARN [org.jasig.cas.web.flow.ServiceAuthorizationCheck] - Unauthorized Service Access for Service: [ null ] - service is not defined in the service registry.
2014-04-09 15:55:28,012 WARN [org.jasig.cas.web.flow.ServiceAuthorizationCheck] - Unauthorized Service Access for Service: [ null ] - service is not defined in the service registry.
2014-04-09 15:55:29,829 INFO [org.jasig.cas.services.DefaultServicesManagerImpl] - Loaded 1 services.
2014-04-09 15:55:30,263 WARN [org.jasig.cas.authentication.handler.support.SimpleTestUsernamePasswordAuthenticationHandler] - org.jasig.cas.authentication.handler.support.SimpleTestUsernamePasswordAuthenticationHandler is only to be used in a testing environment.  NEVER enable this in a production environment.
2014-04-09 15:55:32,860 INFO [org.jasig.cas.util.AutowiringSchedulerFactoryBean] - Starting Quartz Scheduler now
2014-04-10 08:50:51,827 INFO [org.jasig.cas.util.AutowiringSchedulerFactoryBean] - Starting Quartz Scheduler now
2014-04-10 08:50:52,053 WARN [org.jasig.cas.web.flow.ServiceAuthorizationCheck] - Unauthorized Service Access for Service: [ null ] - service is not enabled in the service registry.
2014-04-10 08:50:52,053 WARN [org.jasig.cas.web.flow.ServiceAuthorizationCheck] - Unauthorized Service Access for Service: [ null ] - service is not enabled in the service registry.
2014-04-10 08:50:52,054 WARN [org.jasig.cas.web.flow.ServiceAuthorizationCheck] - Unauthorized Service Access for Service: [ null ] - service is not defined in the service registry.
2014-04-10 08:50:52,054 WARN [org.jasig.cas.web.flow.ServiceAuthorizationCheck] - Unauthorized Service Access for Service: [ null ] - service is not defined in the service registry.
2014-04-10 08:50:53,805 INFO [org.jasig.cas.services.DefaultServicesManagerImpl] - Loaded 1 services.
2014-04-10 08:50:54,222 WARN [org.jasig.cas.authentication.handler.support.SimpleTestUsernamePasswordAuthenticationHandler] - org.jasig.cas.authentication.handler.support.SimpleTestUsernamePasswordAuthenticationHandler is only to be used in a testing environment.  NEVER enable this in a production environment.
2014-04-10 08:50:56,749 INFO [org.jasig.cas.util.AutowiringSchedulerFactoryBean] - Starting Quartz Scheduler now
2014-04-10 10:52:56,784 INFO [org.jasig.cas.util.AutowiringSchedulerFactoryBean] - Starting Quartz Scheduler now
2014-04-10 10:52:57,020 WARN [org.jasig.cas.web.flow.ServiceAuthorizationCheck] - Unauthorized Service Access for Service: [ null ] - service is not enabled in the service registry.
2014-04-10 10:52:57,020 WARN [org.jasig.cas.web.flow.ServiceAuthorizationCheck] - Unauthorized Service Access for Service: [ null ] - service is not enabled in the service registry.
2014-04-10 10:52:57,022 WARN [org.jasig.cas.web.flow.ServiceAuthorizationCheck] - Unauthorized Service Access for Service: [ null ] - service is not defined in the service registry.
2014-04-10 10:52:57,022 WARN [org.jasig.cas.web.flow.ServiceAuthorizationCheck] - Unauthorized Service Access for Service: [ null ] - service is not defined in the service registry.
2014-04-10 10:52:59,094 INFO [org.jasig.cas.services.DefaultServicesManagerImpl] - Loaded 1 services.
2014-04-10 10:52:59,536 WARN [org.jasig.cas.authentication.handler.support.SimpleTestUsernamePasswordAuthenticationHandler] - org.jasig.cas.authentication.handler.support.SimpleTestUsernamePasswordAuthenticationHandler is only to be used in a testing environment.  NEVER enable this in a production environment.
2014-04-10 10:53:02,194 INFO [org.jasig.cas.util.AutowiringSchedulerFactoryBean] - Starting Quartz Scheduler now
2014-04-10 11:03:53,223 INFO [org.jasig.cas.util.AutowiringSchedulerFactoryBean] - Starting Quartz Scheduler now
2014-04-10 11:03:53,469 WARN [org.jasig.cas.web.flow.ServiceAuthorizationCheck] - Unauthorized Service Access for Service: [ null ] - service is not enabled in the service registry.
2014-04-10 11:03:53,469 WARN [org.jasig.cas.web.flow.ServiceAuthorizationCheck] - Unauthorized Service Access for Service: [ null ] - service is not enabled in the service registry.
2014-04-10 11:03:53,471 WARN [org.jasig.cas.web.flow.ServiceAuthorizationCheck] - Unauthorized Service Access for Service: [ null ] - service is not defined in the service registry.
2014-04-10 11:03:53,471 WARN [org.jasig.cas.web.flow.ServiceAuthorizationCheck] - Unauthorized Service Access for Service: [ null ] - service is not defined in the service registry.
2014-04-10 11:03:55,315 INFO [org.jasig.cas.services.DefaultServicesManagerImpl] - Loaded 1 services.
2014-04-10 11:03:55,776 WARN [org.jasig.cas.authentication.handler.support.SimpleTestUsernamePasswordAuthenticationHandler] - org.jasig.cas.authentication.handler.support.SimpleTestUsernamePasswordAuthenticationHandler is only to be used in a testing environment.  NEVER enable this in a production environment.
2014-04-10 11:03:58,388 INFO [org.jasig.cas.util.AutowiringSchedulerFactoryBean] - Starting Quartz Scheduler now
2014-04-10 11:52:31,137 INFO [org.jasig.cas.util.AutowiringSchedulerFactoryBean] - Starting Quartz Scheduler now
2014-04-10 11:52:31,427 WARN [org.jasig.cas.web.flow.ServiceAuthorizationCheck] - Unauthorized Service Access for Service: [ null ] - service is not enabled in the service registry.
2014-04-10 11:52:31,427 WARN [org.jasig.cas.web.flow.ServiceAuthorizationCheck] - Unauthorized Service Access for Service: [ null ] - service is not enabled in the service registry.
2014-04-10 11:52:31,428 WARN [org.jasig.cas.web.flow.ServiceAuthorizationCheck] - Unauthorized Service Access for Service: [ null ] - service is not defined in the service registry.
2014-04-10 11:52:31,428 WARN [org.jasig.cas.web.flow.ServiceAuthorizationCheck] - Unauthorized Service Access for Service: [ null ] - service is not defined in the service registry.
2014-04-10 11:52:33,284 INFO [org.jasig.cas.services.DefaultServicesManagerImpl] - Loaded 1 services.
2014-04-10 11:52:33,740 WARN [org.jasig.cas.authentication.handler.support.SimpleTestUsernamePasswordAuthenticationHandler] - org.jasig.cas.authentication.handler.support.SimpleTestUsernamePasswordAuthenticationHandler is only to be used in a testing environment.  NEVER enable this in a production environment.
2014-04-10 11:52:36,165 INFO [org.jasig.cas.util.AutowiringSchedulerFactoryBean] - Starting Quartz Scheduler now
2014-04-10 11:56:10,103 INFO [org.jasig.cas.util.AutowiringSchedulerFactoryBean] - Starting Quartz Scheduler now
2014-04-10 11:56:10,343 WARN [org.jasig.cas.web.flow.ServiceAuthorizationCheck] - Unauthorized Service Access for Service: [ null ] - service is not enabled in the service registry.
2014-04-10 11:56:10,343 WARN [org.jasig.cas.web.flow.ServiceAuthorizationCheck] - Unauthorized Service Access for Service: [ null ] - service is not enabled in the service registry.
2014-04-10 11:56:10,344 WARN [org.jasig.cas.web.flow.ServiceAuthorizationCheck] - Unauthorized Service Access for Service: [ null ] - service is not defined in the service registry.
2014-04-10 11:56:10,344 WARN [org.jasig.cas.web.flow.ServiceAuthorizationCheck] - Unauthorized Service Access for Service: [ null ] - service is not defined in the service registry.
2014-04-10 11:56:12,127 INFO [org.jasig.cas.services.DefaultServicesManagerImpl] - Loaded 1 services.
2014-04-10 11:56:12,550 WARN [org.jasig.cas.authentication.handler.support.SimpleTestUsernamePasswordAuthenticationHandler] - org.jasig.cas.authentication.handler.support.SimpleTestUsernamePasswordAuthenticationHandler is only to be used in a testing environment.  NEVER enable this in a production environment.
2014-04-10 11:56:15,163 INFO [org.jasig.cas.util.AutowiringSchedulerFactoryBean] - Starting Quartz Scheduler now
2014-04-10 14:33:37,341 INFO [org.jasig.cas.util.AutowiringSchedulerFactoryBean] - Starting Quartz Scheduler now
2014-04-10 14:33:37,589 WARN [org.jasig.cas.web.flow.ServiceAuthorizationCheck] - Unauthorized Service Access for Service: [ null ] - service is not enabled in the service registry.
2014-04-10 14:33:37,589 WARN [org.jasig.cas.web.flow.ServiceAuthorizationCheck] - Unauthorized Service Access for Service: [ null ] - service is not enabled in the service registry.
2014-04-10 14:33:37,592 WARN [org.jasig.cas.web.flow.ServiceAuthorizationCheck] - Unauthorized Service Access for Service: [ null ] - service is not defined in the service registry.
2014-04-10 14:33:37,592 WARN [org.jasig.cas.web.flow.ServiceAuthorizationCheck] - Unauthorized Service Access for Service: [ null ] - service is not defined in the service registry.
2014-04-10 14:33:39,679 INFO [org.jasig.cas.services.DefaultServicesManagerImpl] - Loaded 1 services.
2014-04-10 14:33:40,121 WARN [org.jasig.cas.authentication.handler.support.SimpleTestUsernamePasswordAuthenticationHandler] - org.jasig.cas.authentication.handler.support.SimpleTestUsernamePasswordAuthenticationHandler is only to be used in a testing environment.  NEVER enable this in a production environment.
2014-04-10 14:33:42,590 INFO [org.jasig.cas.util.AutowiringSchedulerFactoryBean] - Starting Quartz Scheduler now
2014-04-10 14:38:01,922 INFO [org.jasig.cas.util.AutowiringSchedulerFactoryBean] - Starting Quartz Scheduler now
2014-04-10 14:38:02,153 WARN [org.jasig.cas.web.flow.ServiceAuthorizationCheck] - Unauthorized Service Access for Service: [ null ] - service is not enabled in the service registry.
2014-04-10 14:38:02,153 WARN [org.jasig.cas.web.flow.ServiceAuthorizationCheck] - Unauthorized Service Access for Service: [ null ] - service is not enabled in the service registry.
2014-04-10 14:38:02,155 WARN [org.jasig.cas.web.flow.ServiceAuthorizationCheck] - Unauthorized Service Access for Service: [ null ] - service is not defined in the service registry.
2014-04-10 14:38:02,155 WARN [org.jasig.cas.web.flow.ServiceAuthorizationCheck] - Unauthorized Service Access for Service: [ null ] - service is not defined in the service registry.
2014-04-10 14:38:04,084 INFO [org.jasig.cas.services.DefaultServicesManagerImpl] - Loaded 1 services.
2014-04-10 14:38:04,526 WARN [org.jasig.cas.authentication.handler.support.SimpleTestUsernamePasswordAuthenticationHandler] - org.jasig.cas.authentication.handler.support.SimpleTestUsernamePasswordAuthenticationHandler is only to be used in a testing environment.  NEVER enable this in a production environment.
2014-04-10 14:38:07,124 INFO [org.jasig.cas.util.AutowiringSchedulerFactoryBean] - Starting Quartz Scheduler now
2014-04-10 15:04:24,431 INFO [org.jasig.cas.util.AutowiringSchedulerFactoryBean] - Starting Quartz Scheduler now
2014-04-10 15:04:24,667 WARN [org.jasig.cas.web.flow.ServiceAuthorizationCheck] - Unauthorized Service Access for Service: [ null ] - service is not enabled in the service registry.
2014-04-10 15:04:24,667 WARN [org.jasig.cas.web.flow.ServiceAuthorizationCheck] - Unauthorized Service Access for Service: [ null ] - service is not enabled in the service registry.
2014-04-10 15:04:24,669 WARN [org.jasig.cas.web.flow.ServiceAuthorizationCheck] - Unauthorized Service Access for Service: [ null ] - service is not defined in the service registry.
2014-04-10 15:04:24,669 WARN [org.jasig.cas.web.flow.ServiceAuthorizationCheck] - Unauthorized Service Access for Service: [ null ] - service is not defined in the service registry.
2014-04-10 15:05:32,903 INFO [org.jasig.cas.util.AutowiringSchedulerFactoryBean] - Starting Quartz Scheduler now
2014-04-10 15:05:33,133 WARN [org.jasig.cas.web.flow.ServiceAuthorizationCheck] - Unauthorized Service Access for Service: [ null ] - service is not enabled in the service registry.
2014-04-10 15:05:33,133 WARN [org.jasig.cas.web.flow.ServiceAuthorizationCheck] - Unauthorized Service Access for Service: [ null ] - service is not enabled in the service registry.
2014-04-10 15:05:33,134 WARN [org.jasig.cas.web.flow.ServiceAuthorizationCheck] - Unauthorized Service Access for Service: [ null ] - service is not defined in the service registry.
2014-04-10 15:05:33,134 WARN [org.jasig.cas.web.flow.ServiceAuthorizationCheck] - Unauthorized Service Access for Service: [ null ] - service is not defined in the service registry.
2014-04-10 15:05:34,962 INFO [org.jasig.cas.services.DefaultServicesManagerImpl] - Loaded 1 services.
2014-04-10 15:05:35,419 WARN [org.jasig.cas.authentication.handler.support.SimpleTestUsernamePasswordAuthenticationHandler] - org.jasig.cas.authentication.handler.support.SimpleTestUsernamePasswordAuthenticationHandler is only to be used in a testing environment.  NEVER enable this in a production environment.
2014-04-10 15:05:38,020 INFO [org.jasig.cas.util.AutowiringSchedulerFactoryBean] - Starting Quartz Scheduler now
2014-04-10 15:12:16,122 INFO [org.jasig.cas.util.AutowiringSchedulerFactoryBean] - Starting Quartz Scheduler now
2014-04-10 15:12:16,402 WARN [org.jasig.cas.web.flow.ServiceAuthorizationCheck] - Unauthorized Service Access for Service: [ null ] - service is not enabled in the service registry.
2014-04-10 15:12:16,402 WARN [org.jasig.cas.web.flow.ServiceAuthorizationCheck] - Unauthorized Service Access for Service: [ null ] - service is not enabled in the service registry.
2014-04-10 15:12:16,403 WARN [org.jasig.cas.web.flow.ServiceAuthorizationCheck] - Unauthorized Service Access for Service: [ null ] - service is not defined in the service registry.
2014-04-10 15:12:16,403 WARN [org.jasig.cas.web.flow.ServiceAuthorizationCheck] - Unauthorized Service Access for Service: [ null ] - service is not defined in the service registry.
2014-04-10 15:12:18,275 INFO [org.jasig.cas.services.DefaultServicesManagerImpl] - Loaded 1 services.
2014-04-10 15:12:18,691 WARN [org.jasig.cas.authentication.handler.support.SimpleTestUsernamePasswordAuthenticationHandler] - org.jasig.cas.authentication.handler.support.SimpleTestUsernamePasswordAuthenticationHandler is only to be used in a testing environment.  NEVER enable this in a production environment.
2014-04-10 15:12:21,287 INFO [org.jasig.cas.util.AutowiringSchedulerFactoryBean] - Starting Quartz Scheduler now
2014-04-10 15:15:19,338 INFO [org.jasig.cas.util.AutowiringSchedulerFactoryBean] - Starting Quartz Scheduler now
2014-04-10 15:15:19,568 WARN [org.jasig.cas.web.flow.ServiceAuthorizationCheck] - Unauthorized Service Access for Service: [ null ] - service is not enabled in the service registry.
2014-04-10 15:15:19,568 WARN [org.jasig.cas.web.flow.ServiceAuthorizationCheck] - Unauthorized Service Access for Service: [ null ] - service is not enabled in the service registry.
2014-04-10 15:15:19,570 WARN [org.jasig.cas.web.flow.ServiceAuthorizationCheck] - Unauthorized Service Access for Service: [ null ] - service is not defined in the service registry.
2014-04-10 15:15:19,570 WARN [org.jasig.cas.web.flow.ServiceAuthorizationCheck] - Unauthorized Service Access for Service: [ null ] - service is not defined in the service registry.
2014-04-10 15:15:21,411 INFO [org.jasig.cas.services.DefaultServicesManagerImpl] - Loaded 1 services.
2014-04-10 15:15:21,848 WARN [org.jasig.cas.authentication.handler.support.SimpleTestUsernamePasswordAuthenticationHandler] - org.jasig.cas.authentication.handler.support.SimpleTestUsernamePasswordAuthenticationHandler is only to be used in a testing environment.  NEVER enable this in a production environment.
2014-04-10 15:15:24,421 INFO [org.jasig.cas.util.AutowiringSchedulerFactoryBean] - Starting Quartz Scheduler now
2014-04-10 15:34:14,911 INFO [org.jasig.cas.util.AutowiringSchedulerFactoryBean] - Starting Quartz Scheduler now
2014-04-10 15:34:15,176 WARN [org.jasig.cas.web.flow.ServiceAuthorizationCheck] - Unauthorized Service Access for Service: [ null ] - service is not enabled in the service registry.
2014-04-10 15:34:15,176 WARN [org.jasig.cas.web.flow.ServiceAuthorizationCheck] - Unauthorized Service Access for Service: [ null ] - service is not enabled in the service registry.
2014-04-10 15:34:15,178 WARN [org.jasig.cas.web.flow.ServiceAuthorizationCheck] - Unauthorized Service Access for Service: [ null ] - service is not defined in the service registry.
2014-04-10 15:34:15,178 WARN [org.jasig.cas.web.flow.ServiceAuthorizationCheck] - Unauthorized Service Access for Service: [ null ] - service is not defined in the service registry.
2014-04-10 15:34:17,179 INFO [org.jasig.cas.services.DefaultServicesManagerImpl] - Loaded 1 services.
2014-04-10 15:34:17,895 WARN [org.jasig.cas.authentication.handler.support.SimpleTestUsernamePasswordAuthenticationHandler] - org.jasig.cas.authentication.handler.support.SimpleTestUsernamePasswordAuthenticationHandler is only to be used in a testing environment.  NEVER enable this in a production environment.
2014-04-10 15:34:20,631 INFO [org.jasig.cas.util.AutowiringSchedulerFactoryBean] - Starting Quartz Scheduler now
2014-04-10 15:43:31,977 INFO [org.jasig.cas.util.AutowiringSchedulerFactoryBean] - Starting Quartz Scheduler now
2014-04-10 15:43:32,274 WARN [org.jasig.cas.web.flow.ServiceAuthorizationCheck] - Unauthorized Service Access for Service: [ null ] - service is not enabled in the service registry.
2014-04-10 15:43:32,274 WARN [org.jasig.cas.web.flow.ServiceAuthorizationCheck] - Unauthorized Service Access for Service: [ null ] - service is not enabled in the service registry.
2014-04-10 15:43:32,276 WARN [org.jasig.cas.web.flow.ServiceAuthorizationCheck] - Unauthorized Service Access for Service: [ null ] - service is not defined in the service registry.
2014-04-10 15:43:32,276 WARN [org.jasig.cas.web.flow.ServiceAuthorizationCheck] - Unauthorized Service Access for Service: [ null ] - service is not defined in the service registry.
2014-04-10 15:43:35,093 INFO [org.jasig.cas.services.DefaultServicesManagerImpl] - Loaded 1 services.
2014-04-10 15:43:35,859 WARN [org.jasig.cas.authentication.handler.support.SimpleTestUsernamePasswordAuthenticationHandler] - org.jasig.cas.authentication.handler.support.SimpleTestUsernamePasswordAuthenticationHandler is only to be used in a testing environment.  NEVER enable this in a production environment.
2014-04-10 15:43:39,641 INFO [org.jasig.cas.util.AutowiringSchedulerFactoryBean] - Starting Quartz Scheduler now
